0 info it worked if it ends with ok
1 verbose cli [ '/usr/bin/nodejs', '/usr/bin/npm', 'run', 'server' ]
2 info using npm@3.10.10
3 info using node@v6.11.0
4 verbose run-script [ 'preserver', 'server', 'postserver' ]
5 info lifecycle @~preserver: @
6 silly lifecycle @~preserver: no script for preserver, continuing
7 info lifecycle @~server: @
8 verbose lifecycle @~server: unsafe-perm in lifecycle true
9 verbose lifecycle @~server: PATH: /usr/lib/node_modules/npm/bin/node-gyp-bin:/home/yida/Desktop/UESTC_Helper/node_modules/.bin:/usr/local/bin:/usr/bin:/bin:/usr/local/games:/usr/games
10 verbose lifecycle @~server: CWD: /home/yida/Desktop/UESTC_Helper
11 silly lifecycle @~server: Args: [ '-c', 'node ./dev/proxyServer.js' ]
12 silly lifecycle @~server: Returned: code: 1  signal: null
13 info lifecycle @~server: Failed to exec server script
14 verbose stack Error: @ server: `node ./dev/proxyServer.js`
14 verbose stack Exit status 1
14 verbose stack     at EventEmitter.<anonymous> (/usr/lib/node_modules/npm/lib/utils/lifecycle.js:255:16)
14 verbose stack     at emitTwo (events.js:106:13)
14 verbose stack     at EventEmitter.emit (events.js:191:7)
14 verbose stack     at ChildProcess.<anonymous> (/usr/lib/node_modules/npm/lib/utils/spawn.js:40:14)
14 verbose stack     at emitTwo (events.js:106:13)
14 verbose stack     at ChildProcess.emit (events.js:191:7)
14 verbose stack     at maybeClose (internal/child_process.js:891:16)
14 verbose stack     at Process.ChildProcess._handle.onexit (internal/child_process.js:226:5)
15 verbose pkgid @
16 verbose cwd /home/yida/Desktop/UESTC_Helper
17 error Linux 4.9.0-deepin4-amd64
18 error argv "/usr/bin/nodejs" "/usr/bin/npm" "run" "server"
19 error node v6.11.0
20 error npm  v3.10.10
21 error code ELIFECYCLE
22 error @ server: `node ./dev/proxyServer.js`
22 error Exit status 1
23 error Failed at the @ server script 'node ./dev/proxyServer.js'.
23 error Make sure you have the latest version of node.js and npm installed.
23 error If you do, this is most likely a problem with the  package,
23 error not with npm itself.
23 error Tell the author that this fails on your system:
23 error     node ./dev/proxyServer.js
23 error You can get information on how to open an issue for this project with:
23 error     npm bugs
23 error Or if that isn't available, you can get their info via:
23 error     npm owner ls
23 error There is likely additional logging output above.
24 verbose exit [ 1, true ]
